postory/android/Postory/app/build/intermediates/manifest_merge_blame_file/debug/manifest-merger-blame-debug-report.txt
1<?xml version="1.0" encoding="utf-8"?>
2<manifest xmlns:android="http://schemas.android.com/apk/res/android"
3    package="com.example.postory"
4    android:versionCode="1"
5    android:versionName="1.0" >
6
7    <uses-sdk
8        android:minSdkVersion="23"
8-->src\main\AndroidManifest.xml
9        android:targetSdkVersion="29" />
9-->src\main\AndroidManifest.xml
10
11    <uses-permission android:name="android.permission.CAMERA" />
11-->src\main\AndroidManifest.xml:5:5-65
11-->src\main\AndroidManifest.xml:5:22-62
12    <uses-permission android:name="android.permission.ACCESS_NETWORK_STATE" />
12-->src\main\AndroidManifest.xml:6:5-79
12-->src\main\AndroidManifest.xml:6:22-76
13    <uses-permission android:name="android.permission.INTERNET" />
13-->src\main\AndroidManifest.xml:7:5-67
13-->src\main\AndroidManifest.xml:7:22-64
14    <uses-permission android:name="android.permission.READ_EXTERNAL_STORAGE" />
14-->src\main\AndroidManifest.xml:8:5-80
14-->src\main\AndroidManifest.xml:8:22-77
15    <uses-permission android:name="android.permission.WRITE_EXTERNAL_STORAGE" />
15-->src\main\AndroidManifest.xml:9:5-81
15-->src\main\AndroidManifest.xml:9:22-78
16
17    <uses-feature
17-->src\main\AndroidManifest.xml:11:5-13:35
18        android:name="android.hardware.camera"
18-->src\main\AndroidManifest.xml:12:9-47
19        android:required="true" />
19-->src\main\AndroidManifest.xml:13:9-32
20    <uses-feature
20-->[com.google.android.gms:play-services-maps:18.0.0] AndroidManifest.xml:26:5-28:35
21        android:glEsVersion="0x00020000"
21-->[com.google.android.gms:play-services-maps:18.0.0] AndroidManifest.xml:27:9-41
22        android:required="true" />
22-->[com.google.android.gms:play-services-maps:18.0.0] AndroidManifest.xml:28:9-32
23
24    <queries>
24-->[com.google.android.gms:play-services-maps:18.0.0] AndroidManifest.xml:30:5-34:15
25
26        <!-- Needs to be explicitly declared on Android R+ -->
27        <package android:name="com.google.android.apps.maps" />
27-->[com.google.android.gms:play-services-maps:18.0.0] AndroidManifest.xml:33:9-64
27-->[com.google.android.gms:play-services-maps:18.0.0] AndroidManifest.xml:33:18-61
28    </queries>
29
30    <application
30-->src\main\AndroidManifest.xml:15:5-77:19
31        android:allowBackup="true"
31-->src\main\AndroidManifest.xml:16:9-35
32        android:appComponentFactory="androidx.core.app.CoreComponentFactory"
32-->[androidx.core:core:1.5.0] AndroidManifest.xml:24:18-86
33        android:debuggable="true"
34        android:extractNativeLibs="false"
35        android:icon="@mipmap/postory_logo_foreground"
35-->src\main\AndroidManifest.xml:17:9-55
36        android:label="@string/app_name"
36-->src\main\AndroidManifest.xml:18:9-41
37        android:requestLegacyExternalStorage="true"
37-->src\main\AndroidManifest.xml:19:9-52
38        android:roundIcon="@mipmap/postory_logo_round"
38-->src\main\AndroidManifest.xml:20:9-55
39        android:supportsRtl="true"
39-->src\main\AndroidManifest.xml:21:9-35
40        android:theme="@style/AppTheme"
40-->src\main\AndroidManifest.xml:22:9-40
41        android:usesCleartextTraffic="true" >
41-->src\main\AndroidManifest.xml:23:9-44
42        <activity
42-->src\main\AndroidManifest.xml:24:9-26:39
43            android:name="com.example.postory.activities.FollowRequestActivity"
43-->src\main\AndroidManifest.xml:25:13-61
44            android:exported="true" />
44-->src\main\AndroidManifest.xml:26:13-36
45        <activity
45-->src\main\AndroidManifest.xml:27:9-37:20
46            android:name="com.example.postory.activities.UserSearchActivity"
46-->src\main\AndroidManifest.xml:28:13-58
47            android:exported="true" >
47-->src\main\AndroidManifest.xml:29:13-36
48            <intent-filter>
48-->src\main\AndroidManifest.xml:30:13-32:29
49                <action android:name="android.intent.action.SEARCH" />
49-->src\main\AndroidManifest.xml:31:17-71
49-->src\main\AndroidManifest.xml:31:25-68
50            </intent-filter>
51
52            <meta-data
52-->src\main\AndroidManifest.xml:34:13-36:53
53                android:name="android.app.searchable"
53-->src\main\AndroidManifest.xml:35:17-54
54                android:resource="@xml/searcable" />
54-->src\main\AndroidManifest.xml:36:17-50
55        </activity>
56        <activity
56-->src\main\AndroidManifest.xml:38:9-40:39
57            android:name="com.example.postory.activities.ForgotPasswordActivity"
57-->src\main\AndroidManifest.xml:39:13-62
58            android:exported="true" />
58-->src\main\AndroidManifest.xml:40:13-36
59
60        <meta-data
60-->src\main\AndroidManifest.xml:42:9-44:36
61            android:name="com.google.android.geo.API_KEY"
61-->src\main\AndroidManifest.xml:43:13-58
62            android:value="XXXX" />
62-->src\main\AndroidManifest.xml:44:13-33
63
64        <activity
64-->src\main\AndroidManifest.xml:46:9-48:39
65            android:name="com.example.postory.activities.SelfProfilePageActivity"
65-->src\main\AndroidManifest.xml:47:13-63
66            android:exported="true" />
66-->src\main\AndroidManifest.xml:48:13-36
67        <activity android:name="com.example.postory.activities.ActivityStreamActivity" />
67-->src\main\AndroidManifest.xml:49:9-71
67-->src\main\AndroidManifest.xml:49:19-68
68        <activity
68-->src\main\AndroidManifest.xml:50:9-52:39
69            android:name="com.example.postory.activities.OtherProfilePageActivity"
69-->src\main\AndroidManifest.xml:51:13-64
70            android:exported="true" />
70-->src\main\AndroidManifest.xml:52:13-36
71        <activity
71-->src\main\AndroidManifest.xml:53:9-55:39
72            android:name="com.example.postory.activities.RegisterActivity"
72-->src\main\AndroidManifest.xml:54:13-56
73            android:exported="true" />
73-->src\main\AndroidManifest.xml:55:13-36
74        <activity
74-->src\main\AndroidManifest.xml:56:9-58:39
75            android:name="com.example.postory.activities.ToolbarActivity"
75-->src\main\AndroidManifest.xml:57:13-55
76            android:exported="true" />
76-->src\main\AndroidManifest.xml:58:13-36
77        <activity
77-->src\main\AndroidManifest.xml:59:9-61:39
78            android:name="com.example.postory.activities.CreatePostActivity"
78-->src\main\AndroidManifest.xml:60:13-58
79            android:exported="true" />
79-->src\main\AndroidManifest.xml:61:13-36
80        <activity android:name="com.example.postory.activities.ListFilteredPostsActivity" />
80-->src\main\AndroidManifest.xml:62:9-74
80-->src\main\AndroidManifest.xml:62:19-71
81        <activity
81-->src\main\AndroidManifest.xml:63:9-65:64
82            android:name="com.example.postory.activities.ExploreActivity"
82-->src\main\AndroidManifest.xml:64:13-55
83            android:windowSoftInputMode="adjustPan" />
83-->src\main\AndroidManifest.xml:65:13-52
84        <activity android:name="com.example.postory.activities.SinglePostActivity" />
84-->src\main\AndroidManifest.xml:66:9-76
84-->src\main\AndroidManifest.xml:66:19-64
85        <activity
85-->src\main\AndroidManifest.xml:67:9-69:39
86            android:name="com.example.postory.activities.MainActivity"
86-->src\main\AndroidManifest.xml:68:13-52
87            android:exported="true" />
87-->src\main\AndroidManifest.xml:69:13-36
88        <activity android:name="com.example.postory.activities.LoginActivity" >
88-->src\main\AndroidManifest.xml:70:9-76:20
88-->src\main\AndroidManifest.xml:70:19-59
89            <intent-filter>
89-->src\main\AndroidManifest.xml:71:13-75:29
90                <action android:name="android.intent.action.MAIN" />
90-->src\main\AndroidManifest.xml:72:17-69
90-->src\main\AndroidManifest.xml:72:25-66
91
92                <category android:name="android.intent.category.LAUNCHER" />
92-->src\main\AndroidManifest.xml:74:17-77
92-->src\main\AndroidManifest.xml:74:27-74
93            </intent-filter>
94        </activity>
95        <!-- Needs to be explicitly declared on P+ -->
96        <uses-library
96-->[com.google.android.gms:play-services-maps:18.0.0] AndroidManifest.xml:39:9-41:40
97            android:name="org.apache.http.legacy"
97-->[com.google.android.gms:play-services-maps:18.0.0] AndroidManifest.xml:40:13-50
98            android:required="false" />
98-->[com.google.android.gms:play-services-maps:18.0.0] AndroidManifest.xml:41:13-37
99
100        <activity
100-->[com.google.android.gms:play-services-base:17.0.0] AndroidManifest.xml:23:9-26:75
101            android:name="com.google.android.gms.common.api.GoogleApiActivity"
101-->[com.google.android.gms:play-services-base:17.0.0] AndroidManifest.xml:24:13-79
102            android:exported="false"
102-->[com.google.android.gms:play-services-base:17.0.0] AndroidManifest.xml:25:13-37
103            android:theme="@android:style/Theme.Translucent.NoTitleBar" />
103-->[com.google.android.gms:play-services-base:17.0.0] AndroidManifest.xml:26:13-72
104
105        <meta-data
105-->[com.google.android.gms:play-services-basement:17.0.0] AndroidManifest.xml:23:9-25:69
106            android:name="com.google.android.gms.version"
106-->[com.google.android.gms:play-services-basement:17.0.0] AndroidManifest.xml:24:13-58
107            android:value="@integer/google_play_services_version" />
107-->[com.google.android.gms:play-services-basement:17.0.0] AndroidManifest.xml:25:13-66
108    </application>
109
110</manifest>